<?xml version="1.0" encoding="UTF-8"?>
<!-- Generated by org.testng.reporters.JUnitReportReporter -->
<testsuite hostname="INN14U-HL641" failures="0" tests="3" name="tests.ClassEight" time="0.010" errors="0" timestamp="2023-11-18T22:20:00 IST" skipped="0">
  <testcase classname="tests.ClassEight" name="loginTest" time="0.001"/>
  <testcase classname="tests.ClassEight" name="loginTest" time="0.007"/>
  <testcase classname="tests.ClassEight" name="loginTest" time="0.002"/>
</testsuite> <!-- tests.ClassEight -->
