<?xml version="1.0" encoding="UTF-8"?>
<!-- Generated by org.testng.reporters.JUnitReportReporter -->
<testsuite hostname="INN14U-HL641" failures="0" tests="3" name="ppack.ClassOne" time="0.018" errors="0" timestamp="2023-11-18T19:50:43 IST" skipped="0">
  <testcase classname="ppack.ClassOne" name="amazon" time="0.002"/>
  <testcase classname="ppack.ClassOne" name="myntra" time="0.008"/>
  <testcase classname="ppack.ClassOne" name="flipkart" time="0.008"/>
</testsuite> <!-- ppack.ClassOne -->
