<?xml version="1.0" encoding="UTF-8"?>
<!-- Generated by org.testng.reporters.JUnitReportReporter -->
<testsuite hostname="INN14U-HL641" failures="0" tests="1" name="baselibrary.Base_Library" time="13.556" errors="0" timestamp="2023-11-18T10:23:40 IST" skipped="0">
  <testcase classname="baselibrary.Base_Library" name="lunchUrl" time="13.556"/>
</testsuite> <!-- baselibrary.Base_Library -->
