<?xml version="1.0" encoding="UTF-8"?>
<!-- Generated by org.testng.reporters.JUnitReportReporter -->
<testsuite hostname="INN14U-HL641" failures="0" tests="1" name="tests.LandingTest" time="14.586" errors="0" timestamp="2023-11-18T11:13:23 IST" skipped="0">
  <testcase classname="tests.LandingTest" name="closeButton" time="14.586"/>
</testsuite> <!-- tests.LandingTest -->
