<?xml version="1.0" encoding="UTF-8"?>
<!-- Generated by org.testng.reporters.JUnitReportReporter -->
<testsuite hostname="INN14U-HL641" failures="0" tests="4" name="tests.Example" time="0.012" errors="0" timestamp="2023-11-18T18:50:39 IST" skipped="0">
  <testcase classname="tests.Example" name="logintest" time="0.006"/>
  <testcase classname="tests.Example" name="searchProductTest" time="0.003"/>
  <testcase classname="tests.Example" name="addToCartTest" time="0.002"/>
  <testcase classname="tests.Example" name="logoutTest" time="0.001"/>
</testsuite> <!-- tests.Example -->
