<?xml version="1.0" encoding="UTF-8"?>
<!-- Generated by org.testng.reporters.JUnitReportReporter -->
<testsuite hostname="INN14U-HL641" failures="0" tests="1" name="automationPackage.NewTest" time="0.009" errors="0" timestamp="2023-11-09T20:57:52 IST" skipped="0">
  <testcase classname="automationPackage.NewTest" name="testMethod1" time="0.009"/>
</testsuite> <!-- automationPackage.NewTest -->
