<?xml version="1.0" encoding="UTF-8"?>
<!-- Generated by org.testng.reporters.JUnitReportReporter -->
<testsuite hostname="INN14U-HL641" failures="0" tests="1" name="upack.ClassThree" time="47.699" errors="0" timestamp="2023-11-18T20:32:26 IST" skipped="0">
  <testcase classname="upack.ClassThree" name="testFive" time="47.699"/>
</testsuite> <!-- upack.ClassThree -->
