<?xml version="1.0" encoding="UTF-8"?>
<!-- Generated by org.testng.reporters.JUnitReportReporter -->
<testsuite hostname="INN14U-HL641" failures="0" tests="1" name="tpack.ClassTwo" time="0.001" errors="0" timestamp="2023-11-18T19:39:27 IST" skipped="0">
  <testcase classname="tpack.ClassTwo" name="testThree" time="0.001"/>
</testsuite> <!-- tpack.ClassTwo -->
